build/app/intermediates/proguard-rules/release/aapt_rules.txt
# Referenced at release\arm64-v8a\AndroidManifest.xml:15
-keep class androidx.core.app.CoreComponentFactory { <init>(); }
# Referenced at release\arm64-v8a\AndroidManifest.xml:19
-keep class com.example.qccjaboouter.MainActivity { <init>(); }
# Referenced at release\arm64-v8a\AndroidManifest.xml:61
-keep class io.flutter.plugins.imagepicker.ImagePickerFileProvider { <init>(); }
# Referenced at release\arm64-v8a\AndroidManifest.xml:71
-keep class io.flutter.plugins.urllauncher.WebViewActivity { <init>(); }